Determining if the pthread_create exist failed with the following output:
Change Dir: /home/aperture/azure-storage-fuse/build/CMakeFiles/CMakeTmp

Run Build Command:"/usr/bin/make" "cmTC_66c6c/fast"
/usr/bin/make -f CMakeFiles/cmTC_66c6c.dir/build.make CMakeFiles/cmTC_66c6c.dir/build
make[1]: Entering directory '/home/aperture/azure-storage-fuse/build/CMakeFiles/CMakeTmp'
Building C object CMakeFiles/cmTC_66c6c.dir/CheckSymbolExists.c.o
/usr/bin/cc    -o CMakeFiles/cmTC_66c6c.dir/CheckSymbolExists.c.o   -c /home/aperture/azure-storage-fuse/build/CMakeFiles/CMakeTmp/CheckSymbolExists.c
Linking C executable cmTC_66c6c
/usr/bin/cmake -E cmake_link_script CMakeFiles/cmTC_66c6c.dir/link.txt --verbose=1
/usr/bin/cc      -rdynamic CMakeFiles/cmTC_66c6c.dir/CheckSymbolExists.c.o  -o cmTC_66c6c 
CMakeFiles/cmTC_66c6c.dir/CheckSymbolExists.c.o: In function `main':
CheckSymbolExists.c:(.text+0x1b): undefined reference to `pthread_create'
collect2: error: ld returned 1 exit status
CMakeFiles/cmTC_66c6c.dir/build.make:97: recipe for target 'cmTC_66c6c' failed
make[1]: *** [cmTC_66c6c] Error 1
make[1]: Leaving directory '/home/aperture/azure-storage-fuse/build/CMakeFiles/CMakeTmp'
Makefile:126: recipe for target 'cmTC_66c6c/fast' failed
make: *** [cmTC_66c6c/fast] Error 2

File /home/aperture/azure-storage-fuse/build/CMakeFiles/CMakeTmp/CheckSymbolExists.c:
/* */
#include <pthread.h>

int main(int argc, char** argv)
{
  (void)argv;
#ifndef pthread_create
  return ((int*)(&pthread_create))[argc];
#else
  (void)argc;
  return 0;
#endif
}

Determining if the function pthread_create exists in the pthreads failed with the following output:
Change Dir: /home/aperture/azure-storage-fuse/build/CMakeFiles/CMakeTmp

Run Build Command:"/usr/bin/make" "cmTC_727e0/fast"
/usr/bin/make -f CMakeFiles/cmTC_727e0.dir/build.make CMakeFiles/cmTC_727e0.dir/build
make[1]: Entering directory '/home/aperture/azure-storage-fuse/build/CMakeFiles/CMakeTmp'
Building C object CMakeFiles/cmTC_727e0.dir/CheckFunctionExists.c.o
/usr/bin/cc   -DCHECK_FUNCTION_EXISTS=pthread_create   -o CMakeFiles/cmTC_727e0.dir/CheckFunctionExists.c.o   -c /usr/share/cmake-3.10/Modules/CheckFunctionExists.c
Linking C executable cmTC_727e0
/usr/bin/cmake -E cmake_link_script CMakeFiles/cmTC_727e0.dir/link.txt --verbose=1
/usr/bin/cc  -DCHECK_FUNCTION_EXISTS=pthread_create    -rdynamic CMakeFiles/cmTC_727e0.dir/CheckFunctionExists.c.o  -o cmTC_727e0 -lpthreads 
/usr/bin/ld: cannot find -lpthreads
collect2: error: ld returned 1 exit status
CMakeFiles/cmTC_727e0.dir/build.make:97: recipe for target 'cmTC_727e0' failed
make[1]: *** [cmTC_727e0] Error 1
make[1]: Leaving directory '/home/aperture/azure-storage-fuse/build/CMakeFiles/CMakeTmp'
Makefile:126: recipe for target 'cmTC_727e0/fast' failed
make: *** [cmTC_727e0/fast] Error 2


